<?xml version="1.0" encoding="UTF-8"?>
<!-- Generated by org.testng.reporters.JUnitReportReporter -->
<testsuite hostname="INNOA7LP01083" name="TestRunner.RestAPITest" tests="9" failures="0" timestamp="18 Mar 2019 08:13:26 GMT" time="5.318" errors="0">
  <testcase name="test_NumberOfCircuits_ShouldBe20_Parameterized" time="0.247" classname="TestRunner.RestAPITest"/>
  <testcase name="test_NumberOfCircuits_ShouldBe_DataDriven" time="0.200" classname="TestRunner.RestAPITest"/>
  <testcase name="test_NumberOfCircuits_ShouldBe_DataDriven" time="0.219" classname="TestRunner.RestAPITest"/>
  <testcase name="test_ScenarioRetrieveFirstCircuitFor2017SeasonAndGetCountry_ShouldBeAustralia" time="0.580" classname="TestRunner.RestAPITest"/>
  <testcase name="makeSureThatGoogleIsUp" time="0.438" classname="TestRunner.RestAPITest"/>
  <testcase name="makeSureThatGetWeatherDetails" time="2.572" classname="TestRunner.RestAPITest"/>
  <testcase name="test_Md5CheckSumForTest_ShouldBe098f6bcd4621d373cade4e832627b4f6" time="0.722" classname="TestRunner.RestAPITest"/>
  <testcase name="test_ResponseHeaderData_ShouldBeCorrect" time="0.174" classname="TestRunner.RestAPITest"/>
  <testcase name="test_NumberOfCircuits_ShouldBe_DataDriven" time="0.166" classname="TestRunner.RestAPITest"/>
</testsuite> <!-- TestRunner.RestAPITest -->
